C:\Program Files (x86)\Microsoft Visual Studio\2019\Community\MSBuild\Microsoft\VC\v160\Microsoft.CppBuild.targets(513,5): warning MSB8028: The intermediate directory (x64\Debug\) contains files shared from another project (CudaRuntime1.vcxproj).  This can lead to incorrect clean and rebuild behavior.
  Compiling CUDA source file kernel.cu...
  
  E:\ParallelFinalProject\FinalProject\CudaRuntime1>"C:\Program Files\NVIDIA GPU Computing Toolkit\CUDA\v11.4\bin\nvcc.exe" -gencode=arch=compute_52,code=\"sm_52,compute_52\" --use-local-env -ccbin "C:\Program Files (x86)\Microsoft Visual Studio\2019\Community\VC\Tools\MSVC\14.29.30037\bin\HostX86\x64" -x cu   -I"C:\Program Files\NVIDIA GPU Computing Toolkit\CUDA\v11.4\include" -I"C:\Program Files\NVIDIA GPU Computing Toolkit\CUDA\v11.4\include"  -G   --keep-dir x64\Debug  -maxrregcount=0  --machine 64 --compile -cudart static  -g  -DWIN32 -DWIN64 -D_DEBUG -D_CONSOLE -D_MBCS -Xcompiler "/EHsc /W3 /nologo /Od /Fdx64\Debug\vc142.pdb /FS /Zi /RTC1 /MDd " -o x64\Debug\kernel.cu.obj "E:\ParallelFinalProject\FinalProject\CudaRuntime1\kernel.cu" 
e:\parallelfinalproject\finalproject\cudaruntime1\kernel.cu(15): warning : 'long double' is treated as 'double' in device code
  
e:\parallelfinalproject\finalproject\cudaruntime1\kernel.cu(22): warning : 'long double' is treated as 'double' in device code
  
e:\parallelfinalproject\finalproject\cudaruntime1\kernel.cu(15): warning : 'long double' is treated as 'double' in device code
  
e:\parallelfinalproject\finalproject\cudaruntime1\kernel.cu(20): error : calling a __host__ function("rand") from a __global__ function("addKernel") is not allowed
  
e:\parallelfinalproject\finalproject\cudaruntime1\kernel.cu(20): error : identifier "rand" is undefined in device code
  
CUDACOMPILE : warning : 'long double' is treated as 'double' in device code
  
e:\parallelfinalproject\finalproject\cudaruntime1\kernel.cu(22): error : calling a __host__ function("powl") from a __global__ function("addKernel") is not allowed
  
e:\parallelfinalproject\finalproject\cudaruntime1\kernel.cu(22): error : identifier "powl" is undefined in device code
  
CUDACOMPILE : warning : 'long double' is treated as 'double' in device code
  
CUDACOMPILE : warning : 'long double' is treated as 'double' in device code
  
CUDACOMPILE : warning : 'long double' is treated as 'double' in device code
  
e:\parallelfinalproject\finalproject\cudaruntime1\kernel.cu(23): error : calling a __host__ function("sqrtl") from a __global__ function("addKernel") is not allowed
  
e:\parallelfinalproject\finalproject\cudaruntime1\kernel.cu(23): error : identifier "sqrtl" is undefined in device code
  
CUDACOMPILE : warning : 'long double' is treated as 'double' in device code
  
e:\parallelfinalproject\finalproject\cudaruntime1\kernel.cu(23): error : calling a __host__ function("powl") from a __global__ function("addKernel") is not allowed
  
e:\parallelfinalproject\finalproject\cudaruntime1\kernel.cu(23): error : identifier "powl" is undefined in device code
  
CUDACOMPILE : warning : 'long double' is treated as 'double' in device code
  
  8 errors detected in the compilation of "e:/parallelfinalproject/finalproject/cudaruntime1/kernel.cu".
  kernel.cu
C:\Program Files (x86)\Microsoft Visual Studio\2019\Community\MSBuild\Microsoft\VC\v160\BuildCustomizations\CUDA 11.4.targets(785,9): error MSB3721: The command ""C:\Program Files\NVIDIA GPU Computing Toolkit\CUDA\v11.4\bin\nvcc.exe" -gencode=arch=compute_52,code=\"sm_52,compute_52\" --use-local-env -ccbin "C:\Program Files (x86)\Microsoft Visual Studio\2019\Community\VC\Tools\MSVC\14.29.30037\bin\HostX86\x64" -x cu   -I"C:\Program Files\NVIDIA GPU Computing Toolkit\CUDA\v11.4\include" -I"C:\Program Files\NVIDIA GPU Computing Toolkit\CUDA\v11.4\include"  -G   --keep-dir x64\Debug  -maxrregcount=0  --machine 64 --compile -cudart static  -g  -DWIN32 -DWIN64 -D_DEBUG -D_CONSOLE -D_MBCS -Xcompiler "/EHsc /W3 /nologo /Od /Fdx64\Debug\vc142.pdb /FS /Zi /RTC1 /MDd " -o x64\Debug\kernel.cu.obj "E:\ParallelFinalProject\FinalProject\CudaRuntime1\kernel.cu"" exited with code 1.
